<?xml version="1.0" encoding="UTF-8"?>
<!-- Generated by org.testng.reporters.JUnitXMLReporter -->
<testsuite ignored="2" hostname="Edwin-PC" failures="1" tests="6" name="Test2" time="134.537" errors="0" timestamp="26 Jul 2019 09:10:25 GMT">
  <testcase classname="com.demoauto.qa.testcases.loginpagetest" name="loginpagetitletest" time="0.101"/>
  <testcase classname="com.demoauto.qa.testcases.registerpagetest" name="regpagetitletest" time="0.043"/>
  <testcase classname="com.demoauto.qa.testcases.loginpagetest" name="logotest" time="0.19"/>
  <testcase classname="com.demoauto.qa.testcases.registerpagetest" name="regpagelogotest" time="1.469"/>
  <testcase classname="com.demoauto.qa.testcases.loginpagetest" name="signinbuttontest" time="0.106"/>
  <testcase classname="com.demoauto.qa.testcases.alertspagetest" name="alttexttest" time="0.446">
    <failure type="java.lang.AssertionError" message="Press a Button ! expected:&amp;lt;Press a Button !&amp;gt; but was:&amp;lt;alerttext&amp;gt;">
      <![CDATA[java.lang.AssertionError: Press a Button ! expected:<Press a Button !> but was:<alerttext>
at com.demoauto.qa.testcases.alertspagetest.alttexttest(alertspagetest.java:45)
... Removed 26 stack frames]]>
    </failure>
  </testcase> <!-- alttexttest -->
  <testcase classname="com.demoauto.qa.testcases.alertspagetest" name="altpagetitletest" time="0.0">
    <ignored/>
  </testcase> <!-- altpagetitletest -->
  <testcase classname="com.demoauto.qa.testcases.alertspagetest" name="altpagelogotest" time="0.0">
    <ignored/>
  </testcase> <!-- altpagelogotest -->
</testsuite> <!-- Test2 -->
