<?xml version="1.0" encoding="UTF-8"?>
<!-- Generated by org.testng.reporters.JUnitXMLReporter -->
<testsuite ignored="0" hostname="DESKTOP-RTACN6A" failures="0" tests="13" name="Test" time="0.994" errors="0" timestamp="2019-07-31T18:28:33 IST">
  <testcase classname="com.demoauto.qa.testcases.loginpagetest" name="@BeforeMethod setup" time="0.266">
    <failure type="java.lang.IllegalStateException" message="The driver executable does not exist: C:\Users\Edwin\Desktop\New folder\Selenium\chromedriver.exe">
      <![CDATA[java.lang.IllegalStateException: The driver executable does not exist: C:\Users\Edwin\Desktop\New folder\Selenium\chromedriver.exe
at com.google.common.base.Preconditions.checkState(Preconditions.java:589)
at org.openqa.selenium.remote.service.DriverService.checkExecutable(DriverService.java:147)
at org.openqa.selenium.remote.service.DriverService.findExecutable(DriverService.java:142)
at org.openqa.selenium.chrome.ChromeDriverService.access$000(ChromeDriverService.java:35)
at org.openqa.selenium.chrome.ChromeDriverService$Builder.findDefaultExecutable(ChromeDriverService.java:177)
at org.openqa.selenium.remote.service.DriverService$Builder.build(DriverService.java:363)
at org.openqa.selenium.chrome.ChromeDriverService.createDefaultService(ChromeDriverService.java:100)
at org.openqa.selenium.chrome.ChromeDriver.<init>(ChromeDriver.java:105)
at com.demoauto.qa.base.TestBase.initialization(TestBase.java:38)
at com.demoauto.qa.testcases.loginpagetest.setup(loginpagetest.java:21)
at java.base/java.util.ArrayList.forEach(ArrayList.java:1540)
... Removed 31 stack frames]]>
    </failure>
  </testcase> <!-- @BeforeMethod setup -->
  <testcase classname="com.demoauto.qa.testcases.loginpagetest" name="@AfterMethod teardown" time="-1.564577912679E9">
    <skipped/>
  </testcase> <!-- @AfterMethod teardown -->
  <testcase classname="com.demoauto.qa.testcases.loginpagetest" name="@BeforeMethod setup" time="-1.564577912695E9">
    <skipped/>
  </testcase> <!-- @BeforeMethod setup -->
  <testcase classname="com.demoauto.qa.testcases.loginpagetest" name="@AfterMethod teardown" time="-1.564577912742E9">
    <skipped/>
  </testcase> <!-- @AfterMethod teardown -->
  <testcase classname="com.demoauto.qa.testcases.loginpagetest" name="@BeforeMethod setup" time="-1.564577912757E9">
    <skipped/>
  </testcase> <!-- @BeforeMethod setup -->
  <testcase classname="com.demoauto.qa.testcases.loginpagetest" name="@AfterMethod teardown" time="-1.564577912789E9">
    <skipped/>
  </testcase> <!-- @AfterMethod teardown -->
  <testcase classname="com.demoauto.qa.testcases.loginpagetest" name="@BeforeMethod setup" time="-1.564577912804E9">
    <skipped/>
  </testcase> <!-- @BeforeMethod setup -->
  <testcase classname="com.demoauto.qa.testcases.loginpagetest" name="@AfterMethod teardown" time="-1.564577912836E9">
    <skipped/>
  </testcase> <!-- @AfterMethod teardown -->
  <testcase classname="com.demoauto.qa.testcases.loginpagetest" name="@BeforeMethod setup" time="-1.564577912851E9">
    <skipped/>
  </testcase> <!-- @BeforeMethod setup -->
  <testcase classname="com.demoauto.qa.testcases.loginpagetest" name="@AfterMethod teardown" time="-1.564577912867E9">
    <skipped/>
  </testcase> <!-- @AfterMethod teardown -->
  <testcase classname="com.demoauto.qa.testcases.registerpagetest" name="@BeforeMethod setup" time="0.0">
    <failure type="java.lang.IllegalStateException" message="The driver executable does not exist: C:\Users\Edwin\Desktop\New folder\Selenium\chromedriver.exe">
      <![CDATA[java.lang.IllegalStateException: The driver executable does not exist: C:\Users\Edwin\Desktop\New folder\Selenium\chromedriver.exe
at com.google.common.base.Preconditions.checkState(Preconditions.java:589)
at org.openqa.selenium.remote.service.DriverService.checkExecutable(DriverService.java:147)
at org.openqa.selenium.remote.service.DriverService.findExecutable(DriverService.java:142)
at org.openqa.selenium.chrome.ChromeDriverService.access$000(ChromeDriverService.java:35)
at org.openqa.selenium.chrome.ChromeDriverService$Builder.findDefaultExecutable(ChromeDriverService.java:177)
at org.openqa.selenium.remote.service.DriverService$Builder.build(DriverService.java:363)
at org.openqa.selenium.chrome.ChromeDriverService.createDefaultService(ChromeDriverService.java:100)
at org.openqa.selenium.chrome.ChromeDriver.<init>(ChromeDriver.java:105)
at com.demoauto.qa.base.TestBase.initialization(TestBase.java:38)
at com.demoauto.qa.testcases.registerpagetest.setup(registerpagetest.java:33)
at java.base/java.util.ArrayList.forEach(ArrayList.java:1540)
... Removed 31 stack frames]]>
    </failure>
  </testcase> <!-- @BeforeMethod setup -->
  <testcase classname="com.demoauto.qa.testcases.registerpagetest" name="@AfterMethod teardown" time="-1.564577912914E9">
    <skipped/>
  </testcase> <!-- @AfterMethod teardown -->
  <testcase classname="com.demoauto.qa.testcases.registerpagetest" name="@BeforeMethod setup" time="-1.564577912914E9">
    <skipped/>
  </testcase> <!-- @BeforeMethod setup -->
  <testcase classname="com.demoauto.qa.testcases.registerpagetest" name="@AfterMethod teardown" time="-1.564577912945E9">
    <skipped/>
  </testcase> <!-- @AfterMethod teardown -->
  <testcase classname="com.demoauto.qa.testcases.registerpagetest" name="@BeforeMethod setup" time="-1.564577912961E9">
    <skipped/>
  </testcase> <!-- @BeforeMethod setup -->
  <testcase classname="com.demoauto.qa.testcases.registerpagetest" name="@AfterMethod teardown" time="-1.564577912976E9">
    <skipped/>
  </testcase> <!-- @AfterMethod teardown -->
  <testcase classname="com.demoauto.qa.testcases.registerpagetest" name="@BeforeMethod setup" time="-1.564577913064E9">
    <skipped/>
  </testcase> <!-- @BeforeMethod setup -->
  <testcase classname="com.demoauto.qa.testcases.registerpagetest" name="@AfterMethod teardown" time="-1.56457791308E9">
    <skipped/>
  </testcase> <!-- @AfterMethod teardown -->
  <testcase classname="com.demoauto.qa.testcases.alertspagetest" name="@BeforeMethod setup" time="0.016">
    <failure type="java.lang.IllegalStateException" message="The driver executable does not exist: C:\Users\Edwin\Desktop\New folder\Selenium\chromedriver.exe">
      <![CDATA[java.lang.IllegalStateException: The driver executable does not exist: C:\Users\Edwin\Desktop\New folder\Selenium\chromedriver.exe
at com.google.common.base.Preconditions.checkState(Preconditions.java:589)
at org.openqa.selenium.remote.service.DriverService.checkExecutable(DriverService.java:147)
at org.openqa.selenium.remote.service.DriverService.findExecutable(DriverService.java:142)
at org.openqa.selenium.chrome.ChromeDriverService.access$000(ChromeDriverService.java:35)
at org.openqa.selenium.chrome.ChromeDriverService$Builder.findDefaultExecutable(ChromeDriverService.java:177)
at org.openqa.selenium.remote.service.DriverService$Builder.build(DriverService.java:363)
at org.openqa.selenium.chrome.ChromeDriverService.createDefaultService(ChromeDriverService.java:100)
at org.openqa.selenium.chrome.ChromeDriver.<init>(ChromeDriver.java:105)
at com.demoauto.qa.base.TestBase.initialization(TestBase.java:38)
at com.demoauto.qa.testcases.alertspagetest.setup(alertspagetest.java:25)
at java.base/java.util.ArrayList.forEach(ArrayList.java:1540)
... Removed 31 stack frames]]>
    </failure>
  </testcase> <!-- @BeforeMethod setup -->
  <testcase classname="com.demoauto.qa.testcases.alertspagetest" name="@AfterMethod teardown" time="-1.564577913142E9">
    <skipped/>
  </testcase> <!-- @AfterMethod teardown -->
  <testcase classname="com.demoauto.qa.testcases.alertspagetest" name="@BeforeMethod setup" time="-1.564577913142E9">
    <skipped/>
  </testcase> <!-- @BeforeMethod setup -->
  <testcase classname="com.demoauto.qa.testcases.alertspagetest" name="@AfterMethod teardown" time="-1.564577913174E9">
    <skipped/>
  </testcase> <!-- @AfterMethod teardown -->
  <testcase classname="com.demoauto.qa.testcases.alertspagetest" name="@BeforeMethod setup" time="-1.564577913189E9">
    <skipped/>
  </testcase> <!-- @BeforeMethod setup -->
  <testcase classname="com.demoauto.qa.testcases.alertspagetest" name="@AfterMethod teardown" time="-1.56457791322E9">
    <skipped/>
  </testcase> <!-- @AfterMethod teardown -->
  <testcase classname="com.demoauto.qa.testcases.loginpagetest" name="loginpagetitletest" time="0.0">
    <skipped/>
  </testcase> <!-- loginpagetitletest -->
  <testcase classname="com.demoauto.qa.testcases.loginpagetest" name="logotest" time="0.0">
    <skipped/>
  </testcase> <!-- logotest -->
  <testcase classname="com.demoauto.qa.testcases.loginpagetest" name="signinbuttontest" time="0.0">
    <skipped/>
  </testcase> <!-- signinbuttontest -->
  <testcase classname="com.demoauto.qa.testcases.loginpagetest" name="skipsigninbuttontest" time="0.0">
    <skipped/>
  </testcase> <!-- skipsigninbuttontest -->
  <testcase classname="com.demoauto.qa.testcases.loginpagetest" name="entertest" time="0.0">
    <skipped/>
  </testcase> <!-- entertest -->
  <testcase classname="com.demoauto.qa.testcases.registerpagetest" name="regpagetitletest" time="0.0">
    <skipped/>
  </testcase> <!-- regpagetitletest -->
  <testcase classname="com.demoauto.qa.testcases.registerpagetest" name="regpagelogotest" time="0.0">
    <skipped/>
  </testcase> <!-- regpagelogotest -->
  <testcase classname="com.demoauto.qa.testcases.registerpagetest" name="hmpglinktest" time="0.0">
    <skipped/>
  </testcase> <!-- hmpglinktest -->
  <testcase classname="com.demoauto.qa.testcases.registerpagetest" name="formfilltest" time="0.0">
    <skipped/>
  </testcase> <!-- formfilltest -->
  <testcase classname="com.demoauto.qa.testcases.registerpagetest" name="switchtolinktest" time="0.0">
    <skipped/>
  </testcase> <!-- switchtolinktest -->
  <testcase classname="com.demoauto.qa.testcases.alertspagetest" name="altpagetitletest" time="0.0">
    <skipped/>
  </testcase> <!-- altpagetitletest -->
  <testcase classname="com.demoauto.qa.testcases.alertspagetest" name="altpagelogotest" time="0.0">
    <skipped/>
  </testcase> <!-- altpagelogotest -->
  <testcase classname="com.demoauto.qa.testcases.alertspagetest" name="alttexttest" time="0.0">
    <skipped/>
  </testcase> <!-- alttexttest -->
</testsuite> <!-- Test -->
